<?xml version="1.0" encoding="UTF-8"?>
<testng-results ignored="0" total="1" passed="1" failed="0" skipped="0">
  <reporter-output>
  </reporter-output>
  <suite started-at="2022-09-15T14:31:19 IST" name="Default suite" finished-at="2022-09-15T14:33:42 IST" duration-ms="142361">
    <groups>
    </groups>
    <test started-at="2022-09-15T14:31:19 IST" name="Default test" finished-at="2022-09-15T14:33:42 IST" duration-ms="142361">
      <class name="tests.VerifyOQRecordsTest">
        <test-method is-config="true" signature="classLevelSetup()[pri:0, instance:tests.VerifyOQRecordsTest@22ff4249]" started-at="2022-09-15T14:31:19 IST" name="classLevelSetup" finished-at="2022-09-15T14:31:23 IST" duration-ms="3698" status="PASS">
          <reporter-output>
          </reporter-output>
        </test-method> <!-- classLevelSetup -->
        <test-method is-config="true" signature="methodLevelSetup()[pri:0, instance:tests.VerifyOQRecordsTest@22ff4249]" started-at="2022-09-15T14:31:23 IST" name="methodLevelSetup" finished-at="2022-09-15T14:31:23 IST" duration-ms="128" status="PASS">
          <reporter-output>
          </reporter-output>
        </test-method> <!-- methodLevelSetup -->
        <test-method signature="VerifyOQrecords(java.lang.reflect.Method)[pri:0, instance:tests.VerifyOQRecordsTest@22ff4249]" started-at="2022-09-15T14:31:23 IST" name="VerifyOQrecords" description="Workforce" finished-at="2022-09-15T14:33:41 IST" duration-ms="138130" status="PASS">
          <params>
            <param index="0">
              <value>
                <![CDATA[public void tests.VerifyOQRecordsTest.VerifyOQrecords(java.lang.reflect.Method) throws java.lang.Exception]]>
              </value>
            </param>
          </params>
          <reporter-output>
          </reporter-output>
        </test-method> <!-- VerifyOQrecords -->
        <test-method is-config="true" signature="teardown()[pri:0, instance:tests.VerifyOQRecordsTest@22ff4249]" started-at="2022-09-15T14:33:41 IST" name="teardown" finished-at="2022-09-15T14:33:42 IST" duration-ms="307" status="PASS">
          <reporter-output>
          </reporter-output>
        </test-method> <!-- teardown -->
      </class> <!-- tests.VerifyOQRecordsTest -->
    </test> <!-- Default test -->
  </suite> <!-- Default suite -->
</testng-results>
