<?xml version="1.0" encoding="UTF-8"?>
<testng-results ignored="0" total="1" passed="1" failed="0" skipped="0">
  <reporter-output>
  </reporter-output>
  <suite started-at="2022-08-30T19:10:44 IST" name="Default suite" finished-at="2022-08-30T19:21:53 IST" duration-ms="668662">
    <groups>
    </groups>
    <test started-at="2022-08-30T19:10:44 IST" name="Default test" finished-at="2022-08-30T19:21:53 IST" duration-ms="668662">
      <class name="tests.UploadOQrecordsTest">
        <test-method is-config="true" signature="classLevelSetup()[pri:0, instance:tests.UploadOQrecordsTest@7b2bbc3]" started-at="2022-08-30T19:10:44 IST" name="classLevelSetup" finished-at="2022-08-30T19:10:46 IST" duration-ms="2224" status="PASS">
          <reporter-output>
          </reporter-output>
        </test-method> <!-- classLevelSetup -->
        <test-method is-config="true" signature="methodLevelSetup()[pri:0, instance:tests.UploadOQrecordsTest@7b2bbc3]" started-at="2022-08-30T19:10:46 IST" name="methodLevelSetup" finished-at="2022-08-30T19:10:46 IST" duration-ms="89" status="PASS">
          <reporter-output>
          </reporter-output>
        </test-method> <!-- methodLevelSetup -->
        <test-method signature="UploadOQrecords(java.lang.reflect.Method)[pri:0, instance:tests.UploadOQrecordsTest@7b2bbc3]" started-at="2022-08-30T19:10:46 IST" name="UploadOQrecords" description="Workforce" finished-at="2022-08-30T19:21:52 IST" duration-ms="665800" status="PASS">
          <params>
            <param index="0">
              <value>
                <![CDATA[public void tests.UploadOQrecordsTest.UploadOQrecords(java.lang.reflect.Method) throws java.lang.InterruptedException]]>
              </value>
            </param>
          </params>
          <reporter-output>
          </reporter-output>
        </test-method> <!-- UploadOQrecords -->
        <test-method is-config="true" signature="teardown()[pri:0, instance:tests.UploadOQrecordsTest@7b2bbc3]" started-at="2022-08-30T19:21:52 IST" name="teardown" finished-at="2022-08-30T19:21:53 IST" duration-ms="469" status="PASS">
          <reporter-output>
          </reporter-output>
        </test-method> <!-- teardown -->
      </class> <!-- tests.UploadOQrecordsTest -->
    </test> <!-- Default test -->
  </suite> <!-- Default suite -->
</testng-results>
