<?xml version="1.0" encoding="UTF-8"?>
<testng-results ignored="0" total="1" passed="1" failed="0" skipped="0">
  <reporter-output>
  </reporter-output>
  <suite started-at="2022-09-07T14:13:57 IST" name="Default suite" finished-at="2022-09-07T14:16:29 IST" duration-ms="152122">
    <groups>
    </groups>
    <test started-at="2022-09-07T14:13:57 IST" name="Default test" finished-at="2022-09-07T14:16:29 IST" duration-ms="152122">
      <class name="tests.VerifyOQRecordsTest">
        <test-method is-config="true" signature="classLevelSetup()[pri:0, instance:tests.VerifyOQRecordsTest@22ff4249]" started-at="2022-09-07T14:13:57 IST" name="classLevelSetup" finished-at="2022-09-07T14:14:00 IST" duration-ms="3535" status="PASS">
          <reporter-output>
          </reporter-output>
        </test-method> <!-- classLevelSetup -->
        <test-method is-config="true" signature="methodLevelSetup()[pri:0, instance:tests.VerifyOQRecordsTest@22ff4249]" started-at="2022-09-07T14:14:00 IST" name="methodLevelSetup" finished-at="2022-09-07T14:14:01 IST" duration-ms="106" status="PASS">
          <reporter-output>
          </reporter-output>
        </test-method> <!-- methodLevelSetup -->
        <test-method signature="VerifyOQrecords(java.lang.reflect.Method)[pri:0, instance:tests.VerifyOQRecordsTest@22ff4249]" started-at="2022-09-07T14:14:01 IST" name="VerifyOQrecords" description="Workforce" finished-at="2022-09-07T14:16:28 IST" duration-ms="147902" status="PASS">
          <params>
            <param index="0">
              <value>
                <![CDATA[public void tests.VerifyOQRecordsTest.VerifyOQrecords(java.lang.reflect.Method) throws java.lang.Exception]]>
              </value>
            </param>
          </params>
          <reporter-output>
          </reporter-output>
        </test-method> <!-- VerifyOQrecords -->
        <test-method is-config="true" signature="teardown()[pri:0, instance:tests.VerifyOQRecordsTest@22ff4249]" started-at="2022-09-07T14:16:28 IST" name="teardown" finished-at="2022-09-07T14:16:29 IST" duration-ms="512" status="PASS">
          <reporter-output>
          </reporter-output>
        </test-method> <!-- teardown -->
      </class> <!-- tests.VerifyOQRecordsTest -->
    </test> <!-- Default test -->
  </suite> <!-- Default suite -->
</testng-results>
